 * Serving Flask app 'webapp'
 * Debug mode: off
 * Serving Flask app 'webapp'
 * Debug mode: off
 * Serving Flask app 'webapp'
 * Debug mode: off
 * Serving Flask app 'webapp'
 * Debug mode: off
 * Serving Flask app 'webapp'
 * Debug mode: off
 * Serving Flask app 'webapp'
 * Debug mode: off
 * Serving Flask app 'webapp'
 * Debug mode: off
 * Serving Flask app 'webapp'
 * Debug mode: off
 * Serving Flask app 'webapp'
 * Debug mode: off
 * Serving Flask app 'webapp'
 * Debug mode: off
 * Serving Flask app 'webapp'
 * Debug mode: off
 * Serving Flask app 'webapp'
 * Debug mode: off
 * Serving Flask app 'webapp'
 * Debug mode: off
 * Serving Flask app 'webapp'
 * Debug mode: off
 * Serving Flask app 'webapp'
 * Debug mode: off
 * Serving Flask app 'webapp'
 * Debug mode: off
 * Serving Flask app 'webapp'
 * Debug mode: off
 * Serving Flask app 'webapp'
 * Debug mode: off
 * Serving Flask app 'webapp'
 * Debug mode: off
 * Serving Flask app 'webapp'
 * Debug mode: off
 * Serving Flask app 'webapp'
 * Debug mode: off
 * Serving Flask app 'webapp'
 * Debug mode: off
 * Serving Flask app 'webapp'
 * Debug mode: off
 * Serving Flask app 'webapp'
 * Debug mode: off
 * Serving Flask app 'webapp'
 * Debug mode: off
 * Serving Flask app 'webapp'
 * Debug mode: off
 * Serving Flask app 'webapp'
 * Debug mode: off
Listening for IR signals...
Listening for IR signals...
Listening for IR signals...
Listening for IR signals...
Listening for IR signals...
Listening for IR signals...
Listening for IR signals...
Listening for IR signals...
Listening for IR signals...
Listening for IR signals...
Listening for IR signals...
Listening for IR signals...
Listening for IR signals...
Listening for IR signals...
Listening for IR signals...
Listening for IR signals...
Listening for IR signals...
Listening for IR signals...
Listening for IR signals...
Listening for IR signals...
Listening for IR signals...
Listening for IR signals...
Listening for IR signals...
Listening for IR signals...
Listening for IR signals...
Listening for IR signals...
Listening for IR signals...
Listening for IR signals...
Listening for IR signals...
Listening for IR signals...
Listening for IR signals...
Listening for IR signals...
Listening for IR signals...
Listening for IR signals...
Listening for IR signals...
Listening for IR signals...
Listening for IR signals...
Listening for IR signals...
Listening for IR signals...
Listening for IR signals...
Listening for IR signals...
Listening for IR signals...
Listening for IR signals...
Listening for IR signals...
Listening for IR signals...
Listening for IR signals...
Listening for IR signals...
Listening for IR signals...
Listening for IR signals...
Listening for IR signals...
Listening for IR signals...
Listening for IR signals...
Listening for IR signals...
Listening for IR signals...
Listening for IR signals...
Listening for IR signals...
Listening for IR signals...
Listening for IR signals...
Listening for IR signals...
Listening for IR signals...
Listening for IR signals...
Listening for IR signals...
Listening for IR signals...
Listening for IR signals...
Listening for IR signals...
Listening for IR signals...
Listening for IR signals...
Listening for IR signals...
Listening for IR signals...
Listening for IR signals...
Listening for IR signals...
Listening for IR signals...
Listening for IR signals...
Listening for IR signals...
Listening for IR signals...
Listening for IR signals...
Listening for IR signals...
Listening for IR signals...
Listening for IR signals...
Listening for IR signals...
Listening for IR signals...
Listening for IR signals...
Listening for IR signals...
Listening for IR signals...
Listening for IR signals...
Listening for IR signals...
Listening for IR signals...
Listening for IR signals...
Listening for IR signals...
Listening for IR signals...
Listening for IR signals...
Listening for IR signals...
Listening for IR signals...
Listening for IR signals...
Listening for IR signals...
Listening for IR signals...
Listening for IR signals...
Listening for IR signals...
Listening for IR signals...
Listening for IR signals...
Listening for IR signals...
Listening for IR signals...
Listening for IR signals...
Listening for IR signals...
Listening for IR signals...
Listening for IR signals...
Listening for IR signals...
Listening for IR signals...
Listening for IR signals...
Listening for IR signals...
Listening for IR signals...
Listening for IR signals...
Listening for IR signals...
Listening for IR signals...
Listening for IR signals...
Listening for IR signals...
Listening for IR signals...
Listening for IR signals...
Listening for IR signals...
Listening for IR signals...
Listening for IR signals...
Listening for IR signals...
Listening for IR signals...
Listening for IR signals...
Listening for IR signals...
Listening for IR signals...
Listening for IR signals...
Listening for IR signals...
Listening for IR signals...
Listening for IR signals...
Listening for IR signals...
Listening for IR signals...
Listening for IR signals...
Listening for IR signals...
Listening for IR signals...
Listening for IR signals...
Listening for IR signals...
Listening for IR signals...
Listening for IR signals...
Listening for IR signals...
Listening for IR signals...
Listening for IR signals...
Listening for IR signals...
Listening for IR signals...
Listening for IR signals...
Listening for IR signals...
Listening for IR signals...
Listening for IR signals...
Listening for IR signals...
Listening for IR signals...
Listening for IR signals...
Listening for IR signals...
Listening for IR signals...
Listening for IR signals...
Listening for IR signals...
Listening for IR signals...
Listening for IR signals...
Listening for IR signals...
Listening for IR signals...
Listening for IR signals...
Listening for IR signals...
Listening for IR signals...
Listening for IR signals...
Listening for IR signals...
Listening for IR signals...
Listening for IR signals...
Listening for IR signals...
Listening for IR signals...
Listening for IR signals...
Listening for IR signals...
Listening for IR signals...
Listening for IR signals...
Listening for IR signals...
Listening for IR signals...
Listening for IR signals...
Listening for IR signals...
Listening for IR signals...
Listening for IR signals...
Listening for IR signals...
Listening for IR signals...
Listening for IR signals...
Listening for IR signals...
Listening for IR signals...
Listening for IR signals...
Listening for IR signals...
Listening for IR signals...
Listening for IR signals...
Listening for IR signals...
Listening for IR signals...
Listening for IR signals...
Listening for IR signals...
Listening for IR signals...
Listening for IR signals...
Listening for IR signals...
Listening for IR signals...
Listening for IR signals...
Listening for IR signals...
Listening for IR signals...
Listening for IR signals...
Listening for IR signals...
Listening for IR signals...
Listening for IR signals...
Listening for IR signals...
Listening for IR signals...
Listening for IR signals...
Listening for IR signals...
Listening for IR signals...
Listening for IR signals...
Listening for IR signals...
Listening for IR signals...
Listening for IR signals...
Listening for IR signals...
Listening for IR signals...
Listening for IR signals...
Listening for IR signals...
Listening for IR signals...
Listening for IR signals...
Listening for IR signals...
Listening for IR signals...
Listening for IR signals...
Listening for IR signals...
Listening for IR signals...
Listening for IR signals...
Listening for IR signals...
Listening for IR signals...
Listening for IR signals...
Listening for IR signals...
Listening for IR signals...
Listening for IR signals...
Listening for IR signals...
Listening for IR signals...
Listening for IR signals...
Listening for IR signals...
Listening for IR signals...
Listening for IR signals...
Listening for IR signals...
Listening for IR signals...
Listening for IR signals...
Listening for IR signals...
Listening for IR signals...
Listening for IR signals...
Listening for IR signals...
Listening for IR signals...
Listening for IR signals...
Listening for IR signals...
Listening for IR signals...
Listening for IR signals...
Listening for IR signals...
Listening for IR signals...
Listening for IR signals...
Listening for IR signals...
Listening for IR signals...
Listening for IR signals...
Listening for IR signals...
Listening for IR signals...
Listening for IR signals...
Listening for IR signals...
Listening for IR signals...
Listening for IR signals...
Listening for IR signals...
Listening for IR signals...
Listening for IR signals...
Listening for IR signals...
Listening for IR signals...
Listening for IR signals...
Listening for IR signals...
Listening for IR signals...
Listening for IR signals...
Listening for IR signals...
Listening for IR signals...
Listening for IR signals...
Listening for IR signals...
Listening for IR signals...
Listening for IR signals...
Listening for IR signals...
Listening for IR signals...
Listening for IR signals...
Listening for IR signals...
Listening for IR signals...
Listening for IR signals...
Listening for IR signals...
Listening for IR signals...
Listening for IR signals...
Listening for IR signals...
Listening for IR signals...
Listening for IR signals...
Listening for IR signals...
Listening for IR signals...
Listening for IR signals...
Listening for IR signals...
Listening for IR signals...
Listening for IR signals...
Listening for IR signals...
Listening for IR signals...
Listening for IR signals...
Listening for IR signals...
Listening for IR signals...
Listening for IR signals...
Listening for IR signals...
Listening for IR signals...
Listening for IR signals...
Listening for IR signals...
Listening for IR signals...
Listening for IR signals...
Listening for IR signals...
Listening for IR signals...
Listening for IR signals...
Listening for IR signals...
Listening for IR signals...
Listening for IR signals...
Listening for IR signals...
Listening for IR signals...
Listening for IR signals...
Listening for IR signals...
Listening for IR signals...
Listening for IR signals...
Listening for IR signals...
Listening for IR signals...
Listening for IR signals...
Listening for IR signals...
Listening for IR signals...
Listening for IR signals...
Listening for IR signals...
Listening for IR signals...
Listening for IR signals...
Listening for IR signals...
Listening for IR signals...
Listening for IR signals...
Listening for IR signals...
Listening for IR signals...
Listening for IR signals...
Listening for IR signals...
Listening for IR signals...
Listening for IR signals...
Listening for IR signals...
Listening for IR signals...
Listening for IR signals...
Listening for IR signals...
Listening for IR signals...
Listening for IR signals...
Listening for IR signals...
Listening for IR signals...
Listening for IR signals...
Listening for IR signals...
Listening for IR signals...
Listening for IR signals...
Listening for IR signals...
Listening for IR signals...
Listening for IR signals...
Listening for IR signals...
Listening for IR signals...
Listening for IR signals...
Listening for IR signals...
Listening for IR signals...
Listening for IR signals...
Listening for IR signals...
Listening for IR signals...
Listening for IR signals...
Listening for IR signals...
Listening for IR signals...
Listening for IR signals...
Listening for IR signals...
Listening for IR signals...
Listening for IR signals...
Listening for IR signals...
Listening for IR signals...
Listening for IR signals...
Listening for IR signals...
Listening for IR signals...
Listening for IR signals...
Listening for IR signals...
Listening for IR signals...
Listening for IR signals...
Listening for IR signals...
Listening for IR signals...
Listening for IR signals...
Listening for IR signals...
Listening for IR signals...
Listening for IR signals...
Listening for IR signals...
Listening for IR signals...
Listening for IR signals...
Listening for IR signals...
Listening for IR signals...
Listening for IR signals...
Listening for IR signals...
Listening for IR signals...
Listening for IR signals...
Listening for IR signals...
Listening for IR signals...
Listening for IR signals...
Listening for IR signals...
Listening for IR signals...
Listening for IR signals...
Listening for IR signals...
Listening for IR signals...
Listening for IR signals...
Listening for IR signals...
Listening for IR signals...
Listening for IR signals...
Listening for IR signals...
Listening for IR signals...
Listening for IR signals...
Listening for IR signals...
Listening for IR signals...
Listening for IR signals...
Listening for IR signals...
Listening for IR signals...
Listening for IR signals...
Listening for IR signals...
Listening for IR signals...
Listening for IR signals...
Listening for IR signals...
Listening for IR signals...
Listening for IR signals...
Listening for IR signals...
Listening for IR signals...
Listening for IR signals...
Listening for IR signals...
Listening for IR signals...
Listening for IR signals...
Listening for IR signals...
Listening for IR signals...
Listening for IR signals...
Listening for IR signals...
Listening for IR signals...
Listening for IR signals...
Listening for IR signals...
Listening for IR signals...
Listening for IR signals...
Listening for IR signals...
Listening for IR signals...
Listening for IR signals...
Listening for IR signals...
Listening for IR signals...
Listening for IR signals...
Listening for IR signals...
Listening for IR signals...
Listening for IR signals...
Listening for IR signals...
Listening for IR signals...
Listening for IR signals...
Listening for IR signals...
Listening for IR signals...
Listening for IR signals...
Listening for IR signals...
Listening for IR signals...
Listening for IR signals...
Listening for IR signals...
Listening for IR signals...
Listening for IR signals...
Listening for IR signals...
Listening for IR signals...
Listening for IR signals...
Listening for IR signals...
Listening for IR signals...
IR Key Detected: KEY_CHANNELDOWN
Request sent to http://192.168.1.220/apps/api/70/devices/98/push?access_token=a7d9d3bc-f4ab-49ae-8220-1b6f6c45ec87: {"id":"98","name":"Virtual Button","label":"Dim main lights","type":"Virtual Button","room":null,"attributes":[{"name":"numberOfButtons","currentValue":5,"dataType":"NUMBER"},{"name":"released","currentValue":null,"dataType":"NUMBER"},{"name":"held","currentValue":null,"dataType":"NUMBER"},{"name":"doubleTapped","currentValue":null,"dataType":"NUMBER"},{"name":"pushed","currentValue":null,"dataType":"NUMBER"}],"capabilities":["HoldableButton",{"attributes":[{"name":"held","dataType":null}]},"PushableButton",{"attributes":[{"name":"numberOfButtons","dataType":null},{"name":"pushed","dataType":null}]},"DoubleTapableButton",{"attributes":[{"name":"doubleTapped","dataType":null}]},"ReleasableButton",{"attributes":[{"name":"released","dataType":null}]}],"commands":["doubleTap","hold","push","release"]}
IR Key Detected: KEY_CHANNELDOWN
Request sent to http://192.168.1.220/apps/api/70/devices/98/push?access_token=a7d9d3bc-f4ab-49ae-8220-1b6f6c45ec87: {"id":"98","name":"Virtual Button","label":"Dim main lights","type":"Virtual Button","room":null,"attributes":[{"name":"numberOfButtons","currentValue":5,"dataType":"NUMBER"},{"name":"released","currentValue":null,"dataType":"NUMBER"},{"name":"held","currentValue":null,"dataType":"NUMBER"},{"name":"doubleTapped","currentValue":null,"dataType":"NUMBER"},{"name":"pushed","currentValue":null,"dataType":"NUMBER"}],"capabilities":["HoldableButton",{"attributes":[{"name":"held","dataType":null}]},"PushableButton",{"attributes":[{"name":"numberOfButtons","dataType":null},{"name":"pushed","dataType":null}]},"DoubleTapableButton",{"attributes":[{"name":"doubleTapped","dataType":null}]},"ReleasableButton",{"attributes":[{"name":"released","dataType":null}]}],"commands":["doubleTap","hold","push","release"]}
IR Key Detected: KEY_CHANNELDOWN
Request sent to http://192.168.1.220/apps/api/70/devices/98/push?access_token=a7d9d3bc-f4ab-49ae-8220-1b6f6c45ec87: {"id":"98","name":"Virtual Button","label":"Dim main lights","type":"Virtual Button","room":null,"attributes":[{"name":"numberOfButtons","currentValue":5,"dataType":"NUMBER"},{"name":"released","currentValue":null,"dataType":"NUMBER"},{"name":"held","currentValue":null,"dataType":"NUMBER"},{"name":"doubleTapped","currentValue":null,"dataType":"NUMBER"},{"name":"pushed","currentValue":null,"dataType":"NUMBER"}],"capabilities":["HoldableButton",{"attributes":[{"name":"held","dataType":null}]},"PushableButton",{"attributes":[{"name":"numberOfButtons","dataType":null},{"name":"pushed","dataType":null}]},"DoubleTapableButton",{"attributes":[{"name":"doubleTapped","dataType":null}]},"ReleasableButton",{"attributes":[{"name":"released","dataType":null}]}],"commands":["doubleTap","hold","push","release"]}
IR Key Detected: KEY_CHANNELDOWN
Skipping request to prevent flooding
IR Key Detected: KEY_CHANNELDOWN
Request sent to http://192.168.1.220/apps/api/70/devices/98/push?access_token=a7d9d3bc-f4ab-49ae-8220-1b6f6c45ec87: {"id":"98","name":"Virtual Button","label":"Dim main lights","type":"Virtual Button","room":null,"attributes":[{"name":"numberOfButtons","currentValue":5,"dataType":"NUMBER"},{"name":"released","currentValue":null,"dataType":"NUMBER"},{"name":"held","currentValue":null,"dataType":"NUMBER"},{"name":"doubleTapped","currentValue":null,"dataType":"NUMBER"},{"name":"pushed","currentValue":null,"dataType":"NUMBER"}],"capabilities":["HoldableButton",{"attributes":[{"name":"held","dataType":null}]},"PushableButton",{"attributes":[{"name":"numberOfButtons","dataType":null},{"name":"pushed","dataType":null}]},"DoubleTapableButton",{"attributes":[{"name":"doubleTapped","dataType":null}]},"ReleasableButton",{"attributes":[{"name":"released","dataType":null}]}],"commands":["doubleTap","hold","push","release"]}
IR Key Detected: KEY_CHANNELDOWN
Skipping request to prevent flooding
IR Key Detected: KEY_CHANNELDOWN
Request sent to http://192.168.1.220/apps/api/70/devices/98/push?access_token=a7d9d3bc-f4ab-49ae-8220-1b6f6c45ec87: {"id":"98","name":"Virtual Button","label":"Dim main lights","type":"Virtual Button","room":null,"attributes":[{"name":"numberOfButtons","currentValue":5,"dataType":"NUMBER"},{"name":"released","currentValue":null,"dataType":"NUMBER"},{"name":"held","currentValue":null,"dataType":"NUMBER"},{"name":"doubleTapped","currentValue":null,"dataType":"NUMBER"},{"name":"pushed","currentValue":null,"dataType":"NUMBER"}],"capabilities":["HoldableButton",{"attributes":[{"name":"held","dataType":null}]},"PushableButton",{"attributes":[{"name":"numberOfButtons","dataType":null},{"name":"pushed","dataType":null}]},"DoubleTapableButton",{"attributes":[{"name":"doubleTapped","dataType":null}]},"ReleasableButton",{"attributes":[{"name":"released","dataType":null}]}],"commands":["doubleTap","hold","push","release"]}
IR Key Detected: KEY_CHANNELDOWN
Skipping request to prevent flooding
IR Key Detected: KEY_CHANNELDOWN
Skipping request to prevent flooding
IR Key Detected: KEY_CHANNELDOWN
Request sent to http://192.168.1.220/apps/api/70/devices/98/push?access_token=a7d9d3bc-f4ab-49ae-8220-1b6f6c45ec87: {"id":"98","name":"Virtual Button","label":"Dim main lights","type":"Virtual Button","room":null,"attributes":[{"name":"numberOfButtons","currentValue":5,"dataType":"NUMBER"},{"name":"released","currentValue":null,"dataType":"NUMBER"},{"name":"held","currentValue":null,"dataType":"NUMBER"},{"name":"doubleTapped","currentValue":null,"dataType":"NUMBER"},{"name":"pushed","currentValue":null,"dataType":"NUMBER"}],"capabilities":["HoldableButton",{"attributes":[{"name":"held","dataType":null}]},"PushableButton",{"attributes":[{"name":"numberOfButtons","dataType":null},{"name":"pushed","dataType":null}]},"DoubleTapableButton",{"attributes":[{"name":"doubleTapped","dataType":null}]},"ReleasableButton",{"attributes":[{"name":"released","dataType":null}]}],"commands":["doubleTap","hold","push","release"]}
IR Key Detected: KEY_CHANNELDOWN
Skipping request to prevent flooding
IR Key Detected: KEY_CHANNELDOWN
Skipping request to prevent flooding
IR Key Detected: KEY_CHANNELDOWN
Request sent to http://192.168.1.220/apps/api/70/devices/98/push?access_token=a7d9d3bc-f4ab-49ae-8220-1b6f6c45ec87: {"id":"98","name":"Virtual Button","label":"Dim main lights","type":"Virtual Button","room":null,"attributes":[{"name":"numberOfButtons","currentValue":5,"dataType":"NUMBER"},{"name":"released","currentValue":null,"dataType":"NUMBER"},{"name":"held","currentValue":null,"dataType":"NUMBER"},{"name":"doubleTapped","currentValue":null,"dataType":"NUMBER"},{"name":"pushed","currentValue":null,"dataType":"NUMBER"}],"capabilities":["HoldableButton",{"attributes":[{"name":"held","dataType":null}]},"PushableButton",{"attributes":[{"name":"numberOfButtons","dataType":null},{"name":"pushed","dataType":null}]},"DoubleTapableButton",{"attributes":[{"name":"doubleTapped","dataType":null}]},"ReleasableButton",{"attributes":[{"name":"released","dataType":null}]}],"commands":["doubleTap","hold","push","release"]}
IR Key Detected: KEY_CHANNELDOWN
Request sent to http://192.168.1.220/apps/api/70/devices/98/push?access_token=a7d9d3bc-f4ab-49ae-8220-1b6f6c45ec87: {"id":"98","name":"Virtual Button","label":"Dim main lights","type":"Virtual Button","room":null,"attributes":[{"name":"numberOfButtons","currentValue":5,"dataType":"NUMBER"},{"name":"released","currentValue":null,"dataType":"NUMBER"},{"name":"held","currentValue":null,"dataType":"NUMBER"},{"name":"doubleTapped","currentValue":null,"dataType":"NUMBER"},{"name":"pushed","currentValue":null,"dataType":"NUMBER"}],"capabilities":["HoldableButton",{"attributes":[{"name":"held","dataType":null}]},"PushableButton",{"attributes":[{"name":"numberOfButtons","dataType":null},{"name":"pushed","dataType":null}]},"DoubleTapableButton",{"attributes":[{"name":"doubleTapped","dataType":null}]},"ReleasableButton",{"attributes":[{"name":"released","dataType":null}]}],"commands":["doubleTap","hold","push","release"]}
IR Key Detected: KEY_4
Listening for IR signals...
IR Key Detected: KEY_1
Request sent to http://192.168.1.220/apps/api/70/devices/97/setPosition/95?access_token=a7d9d3bc-f4ab-49ae-8220-1b6f6c45ec87: {"id":"97","name":"Virtual Dimmer","label":"Living room shades controller","type":"Virtual Shade","room":null,"attributes":[{"name":"windowShade","currentValue":"closing","dataType":"ENUM","values":["opening","partially open","closed","open","closing","unknown"]},{"name":"position","currentValue":100,"dataType":"NUMBER"},{"name":"level","currentValue":100,"dataType":"NUMBER"},{"name":"switch","currentValue":"on","dataType":"ENUM","values":["on","off"]}],"capabilities":["Actuator","SwitchLevel",{"attributes":[{"name":"level","dataType":null}]},"Switch",{"attributes":[{"name":"switch","dataType":null}]},"WindowShade",{"attributes":[{"name":"windowShade","dataType":null},{"name":"position","dataType":null}]}],"commands":["close","off","on","open","setLevel","setPosition","startPositionChange","stopPositionChange"]}
IR Key Detected: KEY_1
Skipping request to prevent flooding
IR Key Detected: KEY_2
Request sent to http://192.168.1.220/apps/api/70/devices/97/setPosition/85?access_token=a7d9d3bc-f4ab-49ae-8220-1b6f6c45ec87: {"id":"97","name":"Virtual Dimmer","label":"Living room shades controller","type":"Virtual Shade","room":null,"attributes":[{"name":"windowShade","currentValue":"closing","dataType":"ENUM","values":["opening","partially open","closed","open","closing","unknown"]},{"name":"position","currentValue":95,"dataType":"NUMBER"},{"name":"level","currentValue":95,"dataType":"NUMBER"},{"name":"switch","currentValue":"on","dataType":"ENUM","values":["on","off"]}],"capabilities":["Actuator","SwitchLevel",{"attributes":[{"name":"level","dataType":null}]},"Switch",{"attributes":[{"name":"switch","dataType":null}]},"WindowShade",{"attributes":[{"name":"windowShade","dataType":null},{"name":"position","dataType":null}]}],"commands":["close","off","on","open","setLevel","setPosition","startPositionChange","stopPositionChange"]}
IR Key Detected: KEY_2
Skipping request to prevent flooding
IR Key Detected: KEY_CHANNELDOWN
Request sent to http://192.168.1.220/apps/api/70/devices/98/push/1?access_token=a7d9d3bc-f4ab-49ae-8220-1b6f6c45ec87: {"id":"98","name":"Virtual Button","label":"Dim main lights","type":"Virtual Button","room":null,"attributes":[{"name":"numberOfButtons","currentValue":5,"dataType":"NUMBER"},{"name":"released","currentValue":null,"dataType":"NUMBER"},{"name":"held","currentValue":null,"dataType":"NUMBER"},{"name":"doubleTapped","currentValue":null,"dataType":"NUMBER"},{"name":"pushed","currentValue":1,"dataType":"NUMBER"}],"capabilities":["HoldableButton",{"attributes":[{"name":"held","dataType":null}]},"PushableButton",{"attributes":[{"name":"numberOfButtons","dataType":null},{"name":"pushed","dataType":null}]},"DoubleTapableButton",{"attributes":[{"name":"doubleTapped","dataType":null}]},"ReleasableButton",{"attributes":[{"name":"released","dataType":null}]}],"commands":["doubleTap","hold","push","release"]}
IR Key Detected: KEY_CHANNELDOWN
Request sent to http://192.168.1.220/apps/api/70/devices/98/push/1?access_token=a7d9d3bc-f4ab-49ae-8220-1b6f6c45ec87: {"id":"98","name":"Virtual Button","label":"Dim main lights","type":"Virtual Button","room":null,"attributes":[{"name":"numberOfButtons","currentValue":5,"dataType":"NUMBER"},{"name":"released","currentValue":null,"dataType":"NUMBER"},{"name":"held","currentValue":null,"dataType":"NUMBER"},{"name":"doubleTapped","currentValue":null,"dataType":"NUMBER"},{"name":"pushed","currentValue":1,"dataType":"NUMBER"}],"capabilities":["HoldableButton",{"attributes":[{"name":"held","dataType":null}]},"PushableButton",{"attributes":[{"name":"numberOfButtons","dataType":null},{"name":"pushed","dataType":null}]},"DoubleTapableButton",{"attributes":[{"name":"doubleTapped","dataType":null}]},"ReleasableButton",{"attributes":[{"name":"released","dataType":null}]}],"commands":["doubleTap","hold","push","release"]}
IR Key Detected: KEY_CHANNELDOWN
Request sent to http://192.168.1.220/apps/api/70/devices/98/push/1?access_token=a7d9d3bc-f4ab-49ae-8220-1b6f6c45ec87: {"id":"98","name":"Virtual Button","label":"Dim main lights","type":"Virtual Button","room":null,"attributes":[{"name":"numberOfButtons","currentValue":5,"dataType":"NUMBER"},{"name":"released","currentValue":null,"dataType":"NUMBER"},{"name":"held","currentValue":null,"dataType":"NUMBER"},{"name":"doubleTapped","currentValue":null,"dataType":"NUMBER"},{"name":"pushed","currentValue":1,"dataType":"NUMBER"}],"capabilities":["HoldableButton",{"attributes":[{"name":"held","dataType":null}]},"PushableButton",{"attributes":[{"name":"numberOfButtons","dataType":null},{"name":"pushed","dataType":null}]},"DoubleTapableButton",{"attributes":[{"name":"doubleTapped","dataType":null}]},"ReleasableButton",{"attributes":[{"name":"released","dataType":null}]}],"commands":["doubleTap","hold","push","release"]}
IR Key Detected: KEY_CHANNELDOWN
Skipping request to prevent flooding
IR Key Detected: KEY_CHANNELDOWN
Skipping request to prevent flooding
IR Key Detected: KEY_CHANNELDOWN
Request sent to http://192.168.1.220/apps/api/70/devices/98/push/1?access_token=a7d9d3bc-f4ab-49ae-8220-1b6f6c45ec87: {"id":"98","name":"Virtual Button","label":"Dim main lights","type":"Virtual Button","room":null,"attributes":[{"name":"numberOfButtons","currentValue":5,"dataType":"NUMBER"},{"name":"released","currentValue":null,"dataType":"NUMBER"},{"name":"held","currentValue":null,"dataType":"NUMBER"},{"name":"doubleTapped","currentValue":null,"dataType":"NUMBER"},{"name":"pushed","currentValue":1,"dataType":"NUMBER"}],"capabilities":["HoldableButton",{"attributes":[{"name":"held","dataType":null}]},"PushableButton",{"attributes":[{"name":"numberOfButtons","dataType":null},{"name":"pushed","dataType":null}]},"DoubleTapableButton",{"attributes":[{"name":"doubleTapped","dataType":null}]},"ReleasableButton",{"attributes":[{"name":"released","dataType":null}]}],"commands":["doubleTap","hold","push","release"]}
IR Key Detected: KEY_CHANNELDOWN
Skipping request to prevent flooding
IR Key Detected: KEY_CHANNELDOWN
Request sent to http://192.168.1.220/apps/api/70/devices/98/push/1?access_token=a7d9d3bc-f4ab-49ae-8220-1b6f6c45ec87: {"id":"98","name":"Virtual Button","label":"Dim main lights","type":"Virtual Button","room":null,"attributes":[{"name":"numberOfButtons","currentValue":5,"dataType":"NUMBER"},{"name":"released","currentValue":null,"dataType":"NUMBER"},{"name":"held","currentValue":null,"dataType":"NUMBER"},{"name":"doubleTapped","currentValue":null,"dataType":"NUMBER"},{"name":"pushed","currentValue":1,"dataType":"NUMBER"}],"capabilities":["HoldableButton",{"attributes":[{"name":"held","dataType":null}]},"PushableButton",{"attributes":[{"name":"numberOfButtons","dataType":null},{"name":"pushed","dataType":null}]},"DoubleTapableButton",{"attributes":[{"name":"doubleTapped","dataType":null}]},"ReleasableButton",{"attributes":[{"name":"released","dataType":null}]}],"commands":["doubleTap","hold","push","release"]}
IR Key Detected: KEY_CHANNELDOWN
Skipping request to prevent flooding
IR Key Detected: KEY_CHANNELDOWN
Request sent to http://192.168.1.220/apps/api/70/devices/98/push/1?access_token=a7d9d3bc-f4ab-49ae-8220-1b6f6c45ec87: {"id":"98","name":"Virtual Button","label":"Dim main lights","type":"Virtual Button","room":null,"attributes":[{"name":"numberOfButtons","currentValue":5,"dataType":"NUMBER"},{"name":"released","currentValue":null,"dataType":"NUMBER"},{"name":"held","currentValue":null,"dataType":"NUMBER"},{"name":"doubleTapped","currentValue":null,"dataType":"NUMBER"},{"name":"pushed","currentValue":1,"dataType":"NUMBER"}],"capabilities":["HoldableButton",{"attributes":[{"name":"held","dataType":null}]},"PushableButton",{"attributes":[{"name":"numberOfButtons","dataType":null},{"name":"pushed","dataType":null}]},"DoubleTapableButton",{"attributes":[{"name":"doubleTapped","dataType":null}]},"ReleasableButton",{"attributes":[{"name":"released","dataType":null}]}],"commands":["doubleTap","hold","push","release"]}
IR Key Detected: KEY_CHANNELDOWN
Skipping request to prevent flooding
Listening for IR signals...
IR Key Detected: KEY_CHANNELUP
Request sent to http://192.168.1.220/apps/api/70/devices/99/push/1?access_token=a7d9d3bc-f4ab-49ae-8220-1b6f6c45ec87: {"id":"99","name":"Virtual Button","label":"Brighten main lights","type":"Virtual Button","room":null,"attributes":[{"name":"numberOfButtons","currentValue":5,"dataType":"NUMBER"},{"name":"released","currentValue":null,"dataType":"NUMBER"},{"name":"held","currentValue":null,"dataType":"NUMBER"},{"name":"doubleTapped","currentValue":null,"dataType":"NUMBER"},{"name":"pushed","currentValue":1,"dataType":"NUMBER"}],"capabilities":["HoldableButton",{"attributes":[{"name":"held","dataType":null}]},"PushableButton",{"attributes":[{"name":"numberOfButtons","dataType":null},{"name":"pushed","dataType":null}]},"DoubleTapableButton",{"attributes":[{"name":"doubleTapped","dataType":null}]},"ReleasableButton",{"attributes":[{"name":"released","dataType":null}]}],"commands":["doubleTap","hold","push","release"]}
IR Key Detected: KEY_CHANNELUP
Skipping request to prevent flooding
IR Key Detected: KEY_CHANNELUP
Request sent to http://192.168.1.220/apps/api/70/devices/99/push/1?access_token=a7d9d3bc-f4ab-49ae-8220-1b6f6c45ec87: {"id":"99","name":"Virtual Button","label":"Brighten main lights","type":"Virtual Button","room":null,"attributes":[{"name":"numberOfButtons","currentValue":5,"dataType":"NUMBER"},{"name":"released","currentValue":null,"dataType":"NUMBER"},{"name":"held","currentValue":null,"dataType":"NUMBER"},{"name":"doubleTapped","currentValue":null,"dataType":"NUMBER"},{"name":"pushed","currentValue":1,"dataType":"NUMBER"}],"capabilities":["HoldableButton",{"attributes":[{"name":"held","dataType":null}]},"PushableButton",{"attributes":[{"name":"numberOfButtons","dataType":null},{"name":"pushed","dataType":null}]},"DoubleTapableButton",{"attributes":[{"name":"doubleTapped","dataType":null}]},"ReleasableButton",{"attributes":[{"name":"released","dataType":null}]}],"commands":["doubleTap","hold","push","release"]}
IR Key Detected: KEY_CHANNELUP
Skipping request to prevent flooding
IR Key Detected: KEY_CHANNELUP
Request sent to http://192.168.1.220/apps/api/70/devices/99/push/1?access_token=a7d9d3bc-f4ab-49ae-8220-1b6f6c45ec87: {"id":"99","name":"Virtual Button","label":"Brighten main lights","type":"Virtual Button","room":null,"attributes":[{"name":"numberOfButtons","currentValue":5,"dataType":"NUMBER"},{"name":"released","currentValue":null,"dataType":"NUMBER"},{"name":"held","currentValue":null,"dataType":"NUMBER"},{"name":"doubleTapped","currentValue":null,"dataType":"NUMBER"},{"name":"pushed","currentValue":1,"dataType":"NUMBER"}],"capabilities":["HoldableButton",{"attributes":[{"name":"held","dataType":null}]},"PushableButton",{"attributes":[{"name":"numberOfButtons","dataType":null},{"name":"pushed","dataType":null}]},"DoubleTapableButton",{"attributes":[{"name":"doubleTapped","dataType":null}]},"ReleasableButton",{"attributes":[{"name":"released","dataType":null}]}],"commands":["doubleTap","hold","push","release"]}
IR Key Detected: KEY_CHANNELUP
Skipping request to prevent flooding
IR Key Detected: KEY_CHANNELUP
Request sent to http://192.168.1.220/apps/api/70/devices/99/push/1?access_token=a7d9d3bc-f4ab-49ae-8220-1b6f6c45ec87: {"id":"99","name":"Virtual Button","label":"Brighten main lights","type":"Virtual Button","room":null,"attributes":[{"name":"numberOfButtons","currentValue":5,"dataType":"NUMBER"},{"name":"released","currentValue":null,"dataType":"NUMBER"},{"name":"held","currentValue":null,"dataType":"NUMBER"},{"name":"doubleTapped","currentValue":null,"dataType":"NUMBER"},{"name":"pushed","currentValue":1,"dataType":"NUMBER"}],"capabilities":["HoldableButton",{"attributes":[{"name":"held","dataType":null}]},"PushableButton",{"attributes":[{"name":"numberOfButtons","dataType":null},{"name":"pushed","dataType":null}]},"DoubleTapableButton",{"attributes":[{"name":"doubleTapped","dataType":null}]},"ReleasableButton",{"attributes":[{"name":"released","dataType":null}]}],"commands":["doubleTap","hold","push","release"]}
IR Key Detected: KEY_CHANNELUP
Skipping request to prevent flooding
IR Key Detected: KEY_CHANNELUP
Request sent to http://192.168.1.220/apps/api/70/devices/99/push/1?access_token=a7d9d3bc-f4ab-49ae-8220-1b6f6c45ec87: {"id":"99","name":"Virtual Button","label":"Brighten main lights","type":"Virtual Button","room":null,"attributes":[{"name":"numberOfButtons","currentValue":5,"dataType":"NUMBER"},{"name":"released","currentValue":null,"dataType":"NUMBER"},{"name":"held","currentValue":null,"dataType":"NUMBER"},{"name":"doubleTapped","currentValue":null,"dataType":"NUMBER"},{"name":"pushed","currentValue":1,"dataType":"NUMBER"}],"capabilities":["HoldableButton",{"attributes":[{"name":"held","dataType":null}]},"PushableButton",{"attributes":[{"name":"numberOfButtons","dataType":null},{"name":"pushed","dataType":null}]},"DoubleTapableButton",{"attributes":[{"name":"doubleTapped","dataType":null}]},"ReleasableButton",{"attributes":[{"name":"released","dataType":null}]}],"commands":["doubleTap","hold","push","release"]}
IR Key Detected: KEY_CHANNELUP
Skipping request to prevent flooding
IR Key Detected: KEY_CHANNELUP
Request sent to http://192.168.1.220/apps/api/70/devices/99/push/1?access_token=a7d9d3bc-f4ab-49ae-8220-1b6f6c45ec87: {"id":"99","name":"Virtual Button","label":"Brighten main lights","type":"Virtual Button","room":null,"attributes":[{"name":"numberOfButtons","currentValue":5,"dataType":"NUMBER"},{"name":"released","currentValue":null,"dataType":"NUMBER"},{"name":"held","currentValue":null,"dataType":"NUMBER"},{"name":"doubleTapped","currentValue":null,"dataType":"NUMBER"},{"name":"pushed","currentValue":1,"dataType":"NUMBER"}],"capabilities":["HoldableButton",{"attributes":[{"name":"held","dataType":null}]},"PushableButton",{"attributes":[{"name":"numberOfButtons","dataType":null},{"name":"pushed","dataType":null}]},"DoubleTapableButton",{"attributes":[{"name":"doubleTapped","dataType":null}]},"ReleasableButton",{"attributes":[{"name":"released","dataType":null}]}],"commands":["doubleTap","hold","push","release"]}
IR Key Detected: KEY_CHANNELUP
Skipping request to prevent flooding
IR Key Detected: KEY_CHANNELUP
Request sent to http://192.168.1.220/apps/api/70/devices/99/push/1?access_token=a7d9d3bc-f4ab-49ae-8220-1b6f6c45ec87: {"id":"99","name":"Virtual Button","label":"Brighten main lights","type":"Virtual Button","room":null,"attributes":[{"name":"numberOfButtons","currentValue":5,"dataType":"NUMBER"},{"name":"released","currentValue":null,"dataType":"NUMBER"},{"name":"held","currentValue":null,"dataType":"NUMBER"},{"name":"doubleTapped","currentValue":null,"dataType":"NUMBER"},{"name":"pushed","currentValue":1,"dataType":"NUMBER"}],"capabilities":["HoldableButton",{"attributes":[{"name":"held","dataType":null}]},"PushableButton",{"attributes":[{"name":"numberOfButtons","dataType":null},{"name":"pushed","dataType":null}]},"DoubleTapableButton",{"attributes":[{"name":"doubleTapped","dataType":null}]},"ReleasableButton",{"attributes":[{"name":"released","dataType":null}]}],"commands":["doubleTap","hold","push","release"]}
IR Key Detected: KEY_CHANNELUP
Skipping request to prevent flooding
IR Key Detected: KEY_CHANNELUP
Request sent to http://192.168.1.220/apps/api/70/devices/99/push/1?access_token=a7d9d3bc-f4ab-49ae-8220-1b6f6c45ec87: {"id":"99","name":"Virtual Button","label":"Brighten main lights","type":"Virtual Button","room":null,"attributes":[{"name":"numberOfButtons","currentValue":5,"dataType":"NUMBER"},{"name":"released","currentValue":null,"dataType":"NUMBER"},{"name":"held","currentValue":null,"dataType":"NUMBER"},{"name":"doubleTapped","currentValue":null,"dataType":"NUMBER"},{"name":"pushed","currentValue":1,"dataType":"NUMBER"}],"capabilities":["HoldableButton",{"attributes":[{"name":"held","dataType":null}]},"PushableButton",{"attributes":[{"name":"numberOfButtons","dataType":null},{"name":"pushed","dataType":null}]},"DoubleTapableButton",{"attributes":[{"name":"doubleTapped","dataType":null}]},"ReleasableButton",{"attributes":[{"name":"released","dataType":null}]}],"commands":["doubleTap","hold","push","release"]}
Listening for IR signals...
Listening for IR signals...
Listening for IR signals...
Listening for IR signals...
Listening for IR signals...
Listening for IR signals...
Listening for IR signals...
Listening for IR signals...
Listening for IR signals...
Listening for IR signals...
Listening for IR signals...
Listening for IR signals...
Listening for IR signals...
Listening for IR signals...
Listening for IR signals...
Listening for IR signals...
Listening for IR signals...
Listening for IR signals...
Listening for IR signals...
Listening for IR signals...
Listening for IR signals...
Listening for IR signals...
Listening for IR signals...
Listening for IR signals...
Listening for IR signals...
Listening for IR signals...
Listening for IR signals...
Listening for IR signals...
Listening for IR signals...
Listening for IR signals...
Listening for IR signals...
Listening for IR signals...
Listening for IR signals...
Listening for IR signals...
Listening for IR signals...
Listening for IR signals...
Listening for IR signals...
Listening for IR signals...
Listening for IR signals...
Listening for IR signals...
Listening for IR signals...
Listening for IR signals...
Listening for IR signals...
Listening for IR signals...
Listening for IR signals...
Listening for IR signals...
Listening for IR signals...
Listening for IR signals...
Listening for IR signals...
Listening for IR signals...
Listening for IR signals...
Listening for IR signals...
Listening for IR signals...
Listening for IR signals...
Listening for IR signals...
Listening for IR signals...
Listening for IR signals...
Listening for IR signals...
Listening for IR signals...
Listening for IR signals...
Listening for IR signals...
Listening for IR signals...
Listening for IR signals...
Listening for IR signals...
Listening for IR signals...
Listening for IR signals...
Listening for IR signals...
Listening for IR signals...
Listening for IR signals...
Listening for IR signals...
Listening for IR signals...
Listening for IR signals...
Listening for IR signals...
Listening for IR signals...
Listening for IR signals...
Listening for IR signals...
Listening for IR signals...
Listening for IR signals...
Listening for IR signals...
Listening for IR signals...
Listening for IR signals...
Listening for IR signals...
Listening for IR signals...
Listening for IR signals...
Listening for IR signals...
Listening for IR signals...
Listening for IR signals...
Listening for IR signals...
Listening for IR signals...
Listening for IR signals...
Listening for IR signals...
Listening for IR signals...
Listening for IR signals...
Listening for IR signals...
Listening for IR signals...
Listening for IR signals...
Listening for IR signals...
Listening for IR signals...
Listening for IR signals...
Listening for IR signals...
Listening for IR signals...
Listening for IR signals...
Listening for IR signals...
Listening for IR signals...
Listening for IR signals...
Listening for IR signals...
Listening for IR signals...
Listening for IR signals...
Listening for IR signals...
Listening for IR signals...
Listening for IR signals...
Listening for IR signals...
Listening for IR signals...
Listening for IR signals...
Listening for IR signals...
Listening for IR signals...
Listening for IR signals...
Listening for IR signals...
Listening for IR signals...
Listening for IR signals...
Listening for IR signals...
Listening for IR signals...
Listening for IR signals...
Listening for IR signals...
Listening for IR signals...
Listening for IR signals...
Listening for IR signals...
Listening for IR signals...
Listening for IR signals...
Listening for IR signals...
Listening for IR signals...
Listening for IR signals...
Listening for IR signals...
Listening for IR signals...
Listening for IR signals...
Listening for IR signals...
Listening for IR signals...
Listening for IR signals...
Listening for IR signals...
Listening for IR signals...
Listening for IR signals...
Listening for IR signals...
Listening for IR signals...
Listening for IR signals...
Listening for IR signals...
Listening for IR signals...
Listening for IR signals...
Listening for IR signals...
Listening for IR signals...
Listening for IR signals...
Listening for IR signals...
Listening for IR signals...
Listening for IR signals...
Listening for IR signals...
Listening for IR signals...
Listening for IR signals...
Listening for IR signals...
Listening for IR signals...
Listening for IR signals...
Listening for IR signals...
Listening for IR signals...
Listening for IR signals...
Listening for IR signals...
Listening for IR signals...
Listening for IR signals...
Listening for IR signals...
Listening for IR signals...
Listening for IR signals...
Listening for IR signals...
Listening for IR signals...
Listening for IR signals...
Listening for IR signals...
Listening for IR signals...
Listening for IR signals...
Listening for IR signals...
Listening for IR signals...
Listening for IR signals...
Listening for IR signals...
Listening for IR signals...
Listening for IR signals...
Listening for IR signals...
Listening for IR signals...
Listening for IR signals...
Listening for IR signals...
Listening for IR signals...
Listening for IR signals...
Listening for IR signals...
Listening for IR signals...
Listening for IR signals...
Listening for IR signals...
Listening for IR signals...
Listening for IR signals...
Listening for IR signals...
Listening for IR signals...
Listening for IR signals...
Listening for IR signals...
Listening for IR signals...
Listening for IR signals...
Listening for IR signals...
Listening for IR signals...
Listening for IR signals...
Listening for IR signals...
Listening for IR signals...
Listening for IR signals...
Listening for IR signals...
Listening for IR signals...
Listening for IR signals...
Listening for IR signals...
Listening for IR signals...
Listening for IR signals...
Listening for IR signals...
Listening for IR signals...
Listening for IR signals...
Listening for IR signals...
Listening for IR signals...
Listening for IR signals...
Listening for IR signals...
Listening for IR signals...
Listening for IR signals...
Listening for IR signals...
Listening for IR signals...
Listening for IR signals...
Listening for IR signals...
Listening for IR signals...
Listening for IR signals...
Listening for IR signals...
Listening for IR signals...
Listening for IR signals...
Listening for IR signals...
Listening for IR signals...
Listening for IR signals...
Listening for IR signals...
Listening for IR signals...
Listening for IR signals...
Listening for IR signals...
Listening for IR signals...
Listening for IR signals...
Listening for IR signals...
Listening for IR signals...
Listening for IR signals...
Listening for IR signals...
Listening for IR signals...
Listening for IR signals...
Listening for IR signals...
Listening for IR signals...
Listening for IR signals...
Listening for IR signals...
Listening for IR signals...
Listening for IR signals...
Listening for IR signals...
Listening for IR signals...
Listening for IR signals...
Listening for IR signals...
Listening for IR signals...
Listening for IR signals...
Listening for IR signals...
Listening for IR signals...
Listening for IR signals...
Listening for IR signals...
Listening for IR signals...
Listening for IR signals...
Listening for IR signals...
Listening for IR signals...
Listening for IR signals...
Listening for IR signals...
Listening for IR signals...
Listening for IR signals...
Listening for IR signals...
Listening for IR signals...
Listening for IR signals...
Listening for IR signals...
Listening for IR signals...
Listening for IR signals...
Listening for IR signals...
Listening for IR signals...
Listening for IR signals...
Listening for IR signals...
Listening for IR signals...
Listening for IR signals...
Listening for IR signals...
Listening for IR signals...
Listening for IR signals...
Listening for IR signals...
Listening for IR signals...
Listening for IR signals...
Listening for IR signals...
Listening for IR signals...
Listening for IR signals...
Listening for IR signals...
Listening for IR signals...
Listening for IR signals...
Listening for IR signals...
Listening for IR signals...
Listening for IR signals...
Listening for IR signals...
Listening for IR signals...
Listening for IR signals...
Listening for IR signals...
Listening for IR signals...
Listening for IR signals...
Listening for IR signals...
Listening for IR signals...
Listening for IR signals...
Listening for IR signals...
Listening for IR signals...
Listening for IR signals...
Listening for IR signals...
Listening for IR signals...
Listening for IR signals...
Listening for IR signals...
Listening for IR signals...
Listening for IR signals...
Listening for IR signals...
Listening for IR signals...
Listening for IR signals...
Listening for IR signals...
Listening for IR signals...
Listening for IR signals...
Listening for IR signals...
Listening for IR signals...
Listening for IR signals...
Listening for IR signals...
Listening for IR signals...
Listening for IR signals...
Listening for IR signals...
Listening for IR signals...
Listening for IR signals...
Listening for IR signals...
Listening for IR signals...
Listening for IR signals...
Listening for IR signals...
Listening for IR signals...
Listening for IR signals...
Listening for IR signals...
Listening for IR signals...
Listening for IR signals...
Listening for IR signals...
Listening for IR signals...
Listening for IR signals...
Listening for IR signals...
Listening for IR signals...
Listening for IR signals...
Listening for IR signals...
Listening for IR signals...
Listening for IR signals...
Listening for IR signals...
Listening for IR signals...
Listening for IR signals...
Listening for IR signals...
Listening for IR signals...
Listening for IR signals...
Listening for IR signals...
Listening for IR signals...
Listening for IR signals...
Listening for IR signals...
Listening for IR signals...
Listening for IR signals...
Listening for IR signals...
Listening for IR signals...
Listening for IR signals...
Listening for IR signals...
Listening for IR signals...
Listening for IR signals...
Listening for IR signals...
Listening for IR signals...
Listening for IR signals...
Listening for IR signals...
Listening for IR signals...
Listening for IR signals...
Listening for IR signals...
Listening for IR signals...
Listening for IR signals...
Listening for IR signals...
Listening for IR signals...
Listening for IR signals...
Listening for IR signals...
Listening for IR signals...
Listening for IR signals...
Listening for IR signals...
Listening for IR signals...
Listening for IR signals...
Listening for IR signals...
Listening for IR signals...
Listening for IR signals...
Listening for IR signals...
Listening for IR signals...
Listening for IR signals...
Listening for IR signals...
Listening for IR signals...
Listening for IR signals...
Listening for IR signals...
Listening for IR signals...
Listening for IR signals...
Listening for IR signals...
Listening for IR signals...
Listening for IR signals...
Listening for IR signals...
Listening for IR signals...
Listening for IR signals...
Listening for IR signals...
Listening for IR signals...
Listening for IR signals...
Listening for IR signals...
Listening for IR signals...
Listening for IR signals...
Listening for IR signals...
Listening for IR signals...
Listening for IR signals...
Listening for IR signals...
Listening for IR signals...
Listening for IR signals...
Listening for IR signals...
Listening for IR signals...
Listening for IR signals...
Listening for IR signals...
Listening for IR signals...
Listening for IR signals...
Listening for IR signals...
Listening for IR signals...
Listening for IR signals...
Listening for IR signals...
Listening for IR signals...
Listening for IR signals...
Listening for IR signals...
Listening for IR signals...
Listening for IR signals...
Listening for IR signals...
Listening for IR signals...
Listening for IR signals...
Listening for IR signals...
Listening for IR signals...
Listening for IR signals...
Listening for IR signals...
Listening for IR signals...
Listening for IR signals...
Listening for IR signals...
Listening for IR signals...
Listening for IR signals...
Listening for IR signals...
Listening for IR signals...
Listening for IR signals...
Listening for IR signals...
Listening for IR signals...
Listening for IR signals...
Listening for IR signals...
Listening for IR signals...
Listening for IR signals...
Listening for IR signals...
Listening for IR signals...
Listening for IR signals...
Listening for IR signals...
Listening for IR signals...
Listening for IR signals...
Listening for IR signals...
Listening for IR signals...
Listening for IR signals...
Listening for IR signals...
Listening for IR signals...
Listening for IR signals...
Listening for IR signals...
Listening for IR signals...
Listening for IR signals...
Listening for IR signals...
Listening for IR signals...
Listening for IR signals...
Listening for IR signals...
Listening for IR signals...
Listening for IR signals...
Listening for IR signals...
Listening for IR signals...
Listening for IR signals...
Listening for IR signals...
Listening for IR signals...
Listening for IR signals...
Listening for IR signals...
Listening for IR signals...
Listening for IR signals...
Listening for IR signals...
Listening for IR signals...
Listening for IR signals...
Listening for IR signals...
Listening for IR signals...
Listening for IR signals...
Listening for IR signals...
Listening for IR signals...
Listening for IR signals...
Listening for IR signals...
Listening for IR signals...
Listening for IR signals...
Listening for IR signals...
Listening for IR signals...
Listening for IR signals...
Listening for IR signals...
Listening for IR signals...
Listening for IR signals...
Listening for IR signals...
Listening for IR signals...
Listening for IR signals...
Listening for IR signals...
Listening for IR signals...
Listening for IR signals...
Listening for IR signals...
Listening for IR signals...
Listening for IR signals...
Listening for IR signals...
Listening for IR signals...
Listening for IR signals...
Listening for IR signals...
Listening for IR signals...
Listening for IR signals...
Listening for IR signals...
Listening for IR signals...
Listening for IR signals...
Listening for IR signals...
Listening for IR signals...
Listening for IR signals...
Listening for IR signals...
Listening for IR signals...
Listening for IR signals...
Listening for IR signals...
Listening for IR signals...
Listening for IR signals...
Listening for IR signals...
Listening for IR signals...
Listening for IR signals...
Listening for IR signals...
Listening for IR signals...
Listening for IR signals...
Listening for IR signals...
Listening for IR signals...
Listening for IR signals...
Listening for IR signals...
Listening for IR signals...
Listening for IR signals...
Listening for IR signals...
Listening for IR signals...
Listening for IR signals...
Listening for IR signals...
Listening for IR signals...
Listening for IR signals...
Listening for IR signals...
Listening for IR signals...
Listening for IR signals...
Listening for IR signals...
Listening for IR signals...
Listening for IR signals...
Listening for IR signals...
Listening for IR signals...
Listening for IR signals...
Listening for IR signals...
Listening for IR signals...
Listening for IR signals...
Listening for IR signals...
Listening for IR signals...
Listening for IR signals...
Listening for IR signals...
Listening for IR signals...
Listening for IR signals...
Listening for IR signals...
Listening for IR signals...
Listening for IR signals...
Listening for IR signals...
Listening for IR signals...
Listening for IR signals...
Listening for IR signals...
Listening for IR signals...
Listening for IR signals...
Listening for IR signals...
Listening for IR signals...
Listening for IR signals...
Listening for IR signals...
Listening for IR signals...
Listening for IR signals...
Listening for IR signals...
Listening for IR signals...
Listening for IR signals...
Listening for IR signals...
Listening for IR signals...
Listening for IR signals...
Listening for IR signals...
Listening for IR signals...
Listening for IR signals...
Listening for IR signals...
Listening for IR signals...
Listening for IR signals...
Listening for IR signals...
IR Key Detected: KEY_9
Request sent to http://192.168.1.220/apps/api/70/devices/77/setLevel/100?access_token=a7d9d3bc-f4ab-49ae-8220-1b6f6c45ec87: {"id":"77","name":"Virtual RGBW Light","label":"Main lights controller","type":"Virtual RGBW Light","room":null,"attributes":[{"name":"colorName","currentValue":"Incandescent","dataType":"STRING"},{"name":"colorMode","currentValue":"CT","dataType":"ENUM","values":["CT","RGB"]},{"name":"colorName","currentValue":"Incandescent","dataType":"STRING"},{"name":"switch","currentValue":"on","dataType":"ENUM","values":["on","off"]},{"name":"saturation","currentValue":27,"dataType":"NUMBER"},{"name":"switch","currentValue":"on","dataType":"ENUM","values":["on","off"]},{"name":"colorTemperature","currentValue":2700,"dataType":"NUMBER"},{"name":"level","currentValue":40,"dataType":"NUMBER"},{"name":"RGB","currentValue":null,"dataType":"STRING"},{"name":"hue","currentValue":3,"dataType":"NUMBER"},{"name":"color","currentValue":null,"dataType":"STRING"}],"capabilities":["Actuator","ColorTemperature",{"attributes":[{"name":"colorTemperature","dataType":null},{"name":"colorName","dataType":null}]},"ColorMode",{"attributes":[{"name":"colorMode","dataType":null}]},"ColorControl",{"attributes":[{"name":"hue","dataType":null},{"name":"saturation","dataType":null},{"name":"color","dataType":null},{"name":"colorName","dataType":null},{"name":"RGB","dataType":null}]},"SwitchLevel",{"attributes":[{"name":"level","dataType":null}]},"Light",{"attributes":[{"name":"switch","dataType":null}]},"Switch",{"attributes":[{"name":"switch","dataType":null}]}],"commands":["off","on","setColor","setColorTemperature","setHue","setLevel","setSaturation"]}
IR Key Detected: KEY_0
Request sent to http://192.168.1.220/apps/api/70/devices/77/setLevel/100?access_token=a7d9d3bc-f4ab-49ae-8220-1b6f6c45ec87: {"id":"77","name":"Virtual RGBW Light","label":"Main lights controller","type":"Virtual RGBW Light","room":null,"attributes":[{"name":"colorName","currentValue":"Incandescent","dataType":"STRING"},{"name":"colorMode","currentValue":"CT","dataType":"ENUM","values":["CT","RGB"]},{"name":"colorName","currentValue":"Incandescent","dataType":"STRING"},{"name":"switch","currentValue":"on","dataType":"ENUM","values":["on","off"]},{"name":"saturation","currentValue":27,"dataType":"NUMBER"},{"name":"switch","currentValue":"on","dataType":"ENUM","values":["on","off"]},{"name":"colorTemperature","currentValue":2700,"dataType":"NUMBER"},{"name":"level","currentValue":100,"dataType":"NUMBER"},{"name":"RGB","currentValue":null,"dataType":"STRING"},{"name":"hue","currentValue":3,"dataType":"NUMBER"},{"name":"color","currentValue":null,"dataType":"STRING"}],"capabilities":["Actuator","ColorTemperature",{"attributes":[{"name":"colorTemperature","dataType":null},{"name":"colorName","dataType":null}]},"ColorMode",{"attributes":[{"name":"colorMode","dataType":null}]},"ColorControl",{"attributes":[{"name":"hue","dataType":null},{"name":"saturation","dataType":null},{"name":"color","dataType":null},{"name":"colorName","dataType":null},{"name":"RGB","dataType":null}]},"SwitchLevel",{"attributes":[{"name":"level","dataType":null}]},"Light",{"attributes":[{"name":"switch","dataType":null}]},"Switch",{"attributes":[{"name":"switch","dataType":null}]}],"commands":["off","on","setColor","setColorTemperature","setHue","setLevel","setSaturation"]}
IR Key Detected: KEY_0
Skipping request to prevent flooding
IR Key Detected: KEY_0
Request sent to http://192.168.1.220/apps/api/70/devices/77/setLevel/100?access_token=a7d9d3bc-f4ab-49ae-8220-1b6f6c45ec87: {"id":"77","name":"Virtual RGBW Light","label":"Main lights controller","type":"Virtual RGBW Light","room":null,"attributes":[{"name":"colorName","currentValue":"Incandescent","dataType":"STRING"},{"name":"colorMode","currentValue":"CT","dataType":"ENUM","values":["CT","RGB"]},{"name":"colorName","currentValue":"Incandescent","dataType":"STRING"},{"name":"switch","currentValue":"on","dataType":"ENUM","values":["on","off"]},{"name":"saturation","currentValue":27,"dataType":"NUMBER"},{"name":"switch","currentValue":"on","dataType":"ENUM","values":["on","off"]},{"name":"colorTemperature","currentValue":2700,"dataType":"NUMBER"},{"name":"level","currentValue":100,"dataType":"NUMBER"},{"name":"RGB","currentValue":null,"dataType":"STRING"},{"name":"hue","currentValue":3,"dataType":"NUMBER"},{"name":"color","currentValue":null,"dataType":"STRING"}],"capabilities":["Actuator","ColorTemperature",{"attributes":[{"name":"colorTemperature","dataType":null},{"name":"colorName","dataType":null}]},"ColorMode",{"attributes":[{"name":"colorMode","dataType":null}]},"ColorControl",{"attributes":[{"name":"hue","dataType":null},{"name":"saturation","dataType":null},{"name":"color","dataType":null},{"name":"colorName","dataType":null},{"name":"RGB","dataType":null}]},"SwitchLevel",{"attributes":[{"name":"level","dataType":null}]},"Light",{"attributes":[{"name":"switch","dataType":null}]},"Switch",{"attributes":[{"name":"switch","dataType":null}]}],"commands":["off","on","setColor","setColorTemperature","setHue","setLevel","setSaturation"]}
IR Key Detected: KEY_0
Skipping request to prevent flooding
IR Key Detected: KEY_0
Skipping request to prevent flooding
IR Key Detected: KEY_0
Request sent to http://192.168.1.220/apps/api/70/devices/77/setLevel/100?access_token=a7d9d3bc-f4ab-49ae-8220-1b6f6c45ec87: {"id":"77","name":"Virtual RGBW Light","label":"Main lights controller","type":"Virtual RGBW Light","room":null,"attributes":[{"name":"colorName","currentValue":"Incandescent","dataType":"STRING"},{"name":"colorMode","currentValue":"CT","dataType":"ENUM","values":["CT","RGB"]},{"name":"colorName","currentValue":"Incandescent","dataType":"STRING"},{"name":"switch","currentValue":"on","dataType":"ENUM","values":["on","off"]},{"name":"saturation","currentValue":27,"dataType":"NUMBER"},{"name":"switch","currentValue":"on","dataType":"ENUM","values":["on","off"]},{"name":"colorTemperature","currentValue":2700,"dataType":"NUMBER"},{"name":"level","currentValue":100,"dataType":"NUMBER"},{"name":"RGB","currentValue":null,"dataType":"STRING"},{"name":"hue","currentValue":3,"dataType":"NUMBER"},{"name":"color","currentValue":null,"dataType":"STRING"}],"capabilities":["Actuator","ColorTemperature",{"attributes":[{"name":"colorTemperature","dataType":null},{"name":"colorName","dataType":null}]},"ColorMode",{"attributes":[{"name":"colorMode","dataType":null}]},"ColorControl",{"attributes":[{"name":"hue","dataType":null},{"name":"saturation","dataType":null},{"name":"color","dataType":null},{"name":"colorName","dataType":null},{"name":"RGB","dataType":null}]},"SwitchLevel",{"attributes":[{"name":"level","dataType":null}]},"Light",{"attributes":[{"name":"switch","dataType":null}]},"Switch",{"attributes":[{"name":"switch","dataType":null}]}],"commands":["off","on","setColor","setColorTemperature","setHue","setLevel","setSaturation"]}
IR Key Detected: KEY_4
Listening for IR signals...
IR Key Detected: KEY_5
Request sent to http://192.168.1.220/apps/api/70/devices/77/setLevel/60?access_token=a7d9d3bc-f4ab-49ae-8220-1b6f6c45ec87: {"id":"77","name":"Virtual RGBW Light","label":"Main lights controller","type":"Virtual RGBW Light","room":null,"attributes":[{"name":"colorName","currentValue":"Incandescent","dataType":"STRING"},{"name":"colorMode","currentValue":"CT","dataType":"ENUM","values":["CT","RGB"]},{"name":"colorName","currentValue":"Incandescent","dataType":"STRING"},{"name":"switch","currentValue":"on","dataType":"ENUM","values":["on","off"]},{"name":"saturation","currentValue":27,"dataType":"NUMBER"},{"name":"switch","currentValue":"on","dataType":"ENUM","values":["on","off"]},{"name":"colorTemperature","currentValue":2700,"dataType":"NUMBER"},{"name":"level","currentValue":100,"dataType":"NUMBER"},{"name":"RGB","currentValue":null,"dataType":"STRING"},{"name":"hue","currentValue":3,"dataType":"NUMBER"},{"name":"color","currentValue":null,"dataType":"STRING"}],"capabilities":["Actuator","ColorTemperature",{"attributes":[{"name":"colorTemperature","dataType":null},{"name":"colorName","dataType":null}]},"ColorMode",{"attributes":[{"name":"colorMode","dataType":null}]},"ColorControl",{"attributes":[{"name":"hue","dataType":null},{"name":"saturation","dataType":null},{"name":"color","dataType":null},{"name":"colorName","dataType":null},{"name":"RGB","dataType":null}]},"SwitchLevel",{"attributes":[{"name":"level","dataType":null}]},"Light",{"attributes":[{"name":"switch","dataType":null}]},"Switch",{"attributes":[{"name":"switch","dataType":null}]}],"commands":["off","on","setColor","setColorTemperature","setHue","setLevel","setSaturation"]}
IR Key Detected: KEY_5
Skipping request to prevent flooding
IR Key Detected: KEY_5
Skipping request to prevent flooding
IR Key Detected: KEY_5
Skipping request to prevent flooding
IR Key Detected: KEY_5
Skipping request to prevent flooding
IR Key Detected: KEY_5
Skipping request to prevent flooding
IR Key Detected: KEY_5
Skipping request to prevent flooding
IR Key Detected: KEY_5
Skipping request to prevent flooding
IR Key Detected: KEY_5
Skipping request to prevent flooding
IR Key Detected: KEY_5
Request sent to http://192.168.1.220/apps/api/70/devices/77/setLevel/60?access_token=a7d9d3bc-f4ab-49ae-8220-1b6f6c45ec87: {"id":"77","name":"Virtual RGBW Light","label":"Main lights controller","type":"Virtual RGBW Light","room":null,"attributes":[{"name":"colorName","currentValue":"Incandescent","dataType":"STRING"},{"name":"colorMode","currentValue":"CT","dataType":"ENUM","values":["CT","RGB"]},{"name":"colorName","currentValue":"Incandescent","dataType":"STRING"},{"name":"switch","currentValue":"on","dataType":"ENUM","values":["on","off"]},{"name":"saturation","currentValue":27,"dataType":"NUMBER"},{"name":"switch","currentValue":"on","dataType":"ENUM","values":["on","off"]},{"name":"colorTemperature","currentValue":2700,"dataType":"NUMBER"},{"name":"level","currentValue":60,"dataType":"NUMBER"},{"name":"RGB","currentValue":null,"dataType":"STRING"},{"name":"hue","currentValue":3,"dataType":"NUMBER"},{"name":"color","currentValue":null,"dataType":"STRING"}],"capabilities":["Actuator","ColorTemperature",{"attributes":[{"name":"colorTemperature","dataType":null},{"name":"colorName","dataType":null}]},"ColorMode",{"attributes":[{"name":"colorMode","dataType":null}]},"ColorControl",{"attributes":[{"name":"hue","dataType":null},{"name":"saturation","dataType":null},{"name":"color","dataType":null},{"name":"colorName","dataType":null},{"name":"RGB","dataType":null}]},"SwitchLevel",{"attributes":[{"name":"level","dataType":null}]},"Light",{"attributes":[{"name":"switch","dataType":null}]},"Switch",{"attributes":[{"name":"switch","dataType":null}]}],"commands":["off","on","setColor","setColorTemperature","setHue","setLevel","setSaturation"]}
IR Key Detected: KEY_5
Skipping request to prevent flooding
IR Key Detected: KEY_5
Skipping request to prevent flooding
IR Key Detected: KEY_5
Skipping request to prevent flooding
IR Key Detected: KEY_5
Skipping request to prevent flooding
IR Key Detected: KEY_5
Skipping request to prevent flooding
IR Key Detected: KEY_5
Skipping request to prevent flooding
IR Key Detected: KEY_5
Skipping request to prevent flooding
IR Key Detected: KEY_0
Request sent to http://192.168.1.220/apps/api/70/devices/77/setLevel/100?access_token=a7d9d3bc-f4ab-49ae-8220-1b6f6c45ec87: {"id":"77","name":"Virtual RGBW Light","label":"Main lights controller","type":"Virtual RGBW Light","room":null,"attributes":[{"name":"colorName","currentValue":"Incandescent","dataType":"STRING"},{"name":"colorMode","currentValue":"CT","dataType":"ENUM","values":["CT","RGB"]},{"name":"colorName","currentValue":"Incandescent","dataType":"STRING"},{"name":"switch","currentValue":"on","dataType":"ENUM","values":["on","off"]},{"name":"saturation","currentValue":27,"dataType":"NUMBER"},{"name":"switch","currentValue":"on","dataType":"ENUM","values":["on","off"]},{"name":"colorTemperature","currentValue":2700,"dataType":"NUMBER"},{"name":"level","currentValue":60,"dataType":"NUMBER"},{"name":"RGB","currentValue":null,"dataType":"STRING"},{"name":"hue","currentValue":3,"dataType":"NUMBER"},{"name":"color","currentValue":null,"dataType":"STRING"}],"capabilities":["Actuator","ColorTemperature",{"attributes":[{"name":"colorTemperature","dataType":null},{"name":"colorName","dataType":null}]},"ColorMode",{"attributes":[{"name":"colorMode","dataType":null}]},"ColorControl",{"attributes":[{"name":"hue","dataType":null},{"name":"saturation","dataType":null},{"name":"color","dataType":null},{"name":"colorName","dataType":null},{"name":"RGB","dataType":null}]},"SwitchLevel",{"attributes":[{"name":"level","dataType":null}]},"Light",{"attributes":[{"name":"switch","dataType":null}]},"Switch",{"attributes":[{"name":"switch","dataType":null}]}],"commands":["off","on","setColor","setColorTemperature","setHue","setLevel","setSaturation"]}
IR Key Detected: KEY_0
Skipping request to prevent flooding
IR Key Detected: KEY_5
Request sent to http://192.168.1.220/apps/api/70/devices/77/setLevel/60?access_token=a7d9d3bc-f4ab-49ae-8220-1b6f6c45ec87: {"id":"77","name":"Virtual RGBW Light","label":"Main lights controller","type":"Virtual RGBW Light","room":null,"attributes":[{"name":"colorName","currentValue":"Incandescent","dataType":"STRING"},{"name":"colorMode","currentValue":"CT","dataType":"ENUM","values":["CT","RGB"]},{"name":"colorName","currentValue":"Incandescent","dataType":"STRING"},{"name":"switch","currentValue":"on","dataType":"ENUM","values":["on","off"]},{"name":"saturation","currentValue":27,"dataType":"NUMBER"},{"name":"switch","currentValue":"on","dataType":"ENUM","values":["on","off"]},{"name":"colorTemperature","currentValue":2700,"dataType":"NUMBER"},{"name":"level","currentValue":100,"dataType":"NUMBER"},{"name":"RGB","currentValue":null,"dataType":"STRING"},{"name":"hue","currentValue":3,"dataType":"NUMBER"},{"name":"color","currentValue":null,"dataType":"STRING"}],"capabilities":["Actuator","ColorTemperature",{"attributes":[{"name":"colorTemperature","dataType":null},{"name":"colorName","dataType":null}]},"ColorMode",{"attributes":[{"name":"colorMode","dataType":null}]},"ColorControl",{"attributes":[{"name":"hue","dataType":null},{"name":"saturation","dataType":null},{"name":"color","dataType":null},{"name":"colorName","dataType":null},{"name":"RGB","dataType":null}]},"SwitchLevel",{"attributes":[{"name":"level","dataType":null}]},"Light",{"attributes":[{"name":"switch","dataType":null}]},"Switch",{"attributes":[{"name":"switch","dataType":null}]}],"commands":["off","on","setColor","setColorTemperature","setHue","setLevel","setSaturation"]}
IR Key Detected: KEY_5
Listening for IR signals...
IR Key Detected: KEY_1
Request sent to http://192.168.1.220/apps/api/70/devices/77/setLevel/20?access_token=a7d9d3bc-f4ab-49ae-8220-1b6f6c45ec87: {"id":"77","name":"Virtual RGBW Light","label":"Main lights controller","type":"Virtual RGBW Light","room":null,"attributes":[{"name":"colorName","currentValue":"Incandescent","dataType":"STRING"},{"name":"colorMode","currentValue":"CT","dataType":"ENUM","values":["CT","RGB"]},{"name":"colorName","currentValue":"Incandescent","dataType":"STRING"},{"name":"switch","currentValue":"on","dataType":"ENUM","values":["on","off"]},{"name":"saturation","currentValue":27,"dataType":"NUMBER"},{"name":"switch","currentValue":"on","dataType":"ENUM","values":["on","off"]},{"name":"colorTemperature","currentValue":2700,"dataType":"NUMBER"},{"name":"level","currentValue":100,"dataType":"NUMBER"},{"name":"RGB","currentValue":null,"dataType":"STRING"},{"name":"hue","currentValue":3,"dataType":"NUMBER"},{"name":"color","currentValue":null,"dataType":"STRING"}],"capabilities":["Actuator","ColorTemperature",{"attributes":[{"name":"colorTemperature","dataType":null},{"name":"colorName","dataType":null}]},"ColorMode",{"attributes":[{"name":"colorMode","dataType":null}]},"ColorControl",{"attributes":[{"name":"hue","dataType":null},{"name":"saturation","dataType":null},{"name":"color","dataType":null},{"name":"colorName","dataType":null},{"name":"RGB","dataType":null}]},"SwitchLevel",{"attributes":[{"name":"level","dataType":null}]},"Light",{"attributes":[{"name":"switch","dataType":null}]},"Switch",{"attributes":[{"name":"switch","dataType":null}]}],"commands":["off","on","setColor","setColorTemperature","setHue","setLevel","setSaturation"]}
IR Key Detected: KEY_0
Request sent to http://192.168.1.220/apps/api/70/devices/77/setLevel/100?access_token=a7d9d3bc-f4ab-49ae-8220-1b6f6c45ec87: {"id":"77","name":"Virtual RGBW Light","label":"Main lights controller","type":"Virtual RGBW Light","room":null,"attributes":[{"name":"colorName","currentValue":"Incandescent","dataType":"STRING"},{"name":"colorMode","currentValue":"CT","dataType":"ENUM","values":["CT","RGB"]},{"name":"colorName","currentValue":"Incandescent","dataType":"STRING"},{"name":"switch","currentValue":"on","dataType":"ENUM","values":["on","off"]},{"name":"saturation","currentValue":27,"dataType":"NUMBER"},{"name":"switch","currentValue":"on","dataType":"ENUM","values":["on","off"]},{"name":"colorTemperature","currentValue":2700,"dataType":"NUMBER"},{"name":"level","currentValue":20,"dataType":"NUMBER"},{"name":"RGB","currentValue":null,"dataType":"STRING"},{"name":"hue","currentValue":3,"dataType":"NUMBER"},{"name":"color","currentValue":null,"dataType":"STRING"}],"capabilities":["Actuator","ColorTemperature",{"attributes":[{"name":"colorTemperature","dataType":null},{"name":"colorName","dataType":null}]},"ColorMode",{"attributes":[{"name":"colorMode","dataType":null}]},"ColorControl",{"attributes":[{"name":"hue","dataType":null},{"name":"saturation","dataType":null},{"name":"color","dataType":null},{"name":"colorName","dataType":null},{"name":"RGB","dataType":null}]},"SwitchLevel",{"attributes":[{"name":"level","dataType":null}]},"Light",{"attributes":[{"name":"switch","dataType":null}]},"Switch",{"attributes":[{"name":"switch","dataType":null}]}],"commands":["off","on","setColor","setColorTemperature","setHue","setLevel","setSaturation"]}
IR Key Detected: KEY_1
Request sent to http://192.168.1.220/apps/api/70/devices/77/setLevel/20?access_token=a7d9d3bc-f4ab-49ae-8220-1b6f6c45ec87: {"id":"77","name":"Virtual RGBW Light","label":"Main lights controller","type":"Virtual RGBW Light","room":null,"attributes":[{"name":"colorName","currentValue":"Incandescent","dataType":"STRING"},{"name":"colorMode","currentValue":"CT","dataType":"ENUM","values":["CT","RGB"]},{"name":"colorName","currentValue":"Incandescent","dataType":"STRING"},{"name":"switch","currentValue":"on","dataType":"ENUM","values":["on","off"]},{"name":"saturation","currentValue":27,"dataType":"NUMBER"},{"name":"switch","currentValue":"on","dataType":"ENUM","values":["on","off"]},{"name":"colorTemperature","currentValue":2700,"dataType":"NUMBER"},{"name":"level","currentValue":100,"dataType":"NUMBER"},{"name":"RGB","currentValue":null,"dataType":"STRING"},{"name":"hue","currentValue":3,"dataType":"NUMBER"},{"name":"color","currentValue":null,"dataType":"STRING"}],"capabilities":["Actuator","ColorTemperature",{"attributes":[{"name":"colorTemperature","dataType":null},{"name":"colorName","dataType":null}]},"ColorMode",{"attributes":[{"name":"colorMode","dataType":null}]},"ColorControl",{"attributes":[{"name":"hue","dataType":null},{"name":"saturation","dataType":null},{"name":"color","dataType":null},{"name":"colorName","dataType":null},{"name":"RGB","dataType":null}]},"SwitchLevel",{"attributes":[{"name":"level","dataType":null}]},"Light",{"attributes":[{"name":"switch","dataType":null}]},"Switch",{"attributes":[{"name":"switch","dataType":null}]}],"commands":["off","on","setColor","setColorTemperature","setHue","setLevel","setSaturation"]}
IR Key Detected: KEY_1
Skipping request to prevent flooding
IR Key Detected: KEY_1
Request sent to http://192.168.1.220/apps/api/70/devices/77/setLevel/20?access_token=a7d9d3bc-f4ab-49ae-8220-1b6f6c45ec87: {"id":"77","name":"Virtual RGBW Light","label":"Main lights controller","type":"Virtual RGBW Light","room":null,"attributes":[{"name":"colorName","currentValue":"Incandescent","dataType":"STRING"},{"name":"colorMode","currentValue":"CT","dataType":"ENUM","values":["CT","RGB"]},{"name":"colorName","currentValue":"Incandescent","dataType":"STRING"},{"name":"switch","currentValue":"on","dataType":"ENUM","values":["on","off"]},{"name":"saturation","currentValue":27,"dataType":"NUMBER"},{"name":"switch","currentValue":"on","dataType":"ENUM","values":["on","off"]},{"name":"colorTemperature","currentValue":2700,"dataType":"NUMBER"},{"name":"level","currentValue":20,"dataType":"NUMBER"},{"name":"RGB","currentValue":null,"dataType":"STRING"},{"name":"hue","currentValue":3,"dataType":"NUMBER"},{"name":"color","currentValue":null,"dataType":"STRING"}],"capabilities":["Actuator","ColorTemperature",{"attributes":[{"name":"colorTemperature","dataType":null},{"name":"colorName","dataType":null}]},"ColorMode",{"attributes":[{"name":"colorMode","dataType":null}]},"ColorControl",{"attributes":[{"name":"hue","dataType":null},{"name":"saturation","dataType":null},{"name":"color","dataType":null},{"name":"colorName","dataType":null},{"name":"RGB","dataType":null}]},"SwitchLevel",{"attributes":[{"name":"level","dataType":null}]},"Light",{"attributes":[{"name":"switch","dataType":null}]},"Switch",{"attributes":[{"name":"switch","dataType":null}]}],"commands":["off","on","setColor","setColorTemperature","setHue","setLevel","setSaturation"]}
IR Key Detected: KEY_0
Listening for IR signals...
IR Key Detected: KEY_1
Request sent to http://192.168.1.220/apps/api/70/devices/77/setLevel/20?access_token=a7d9d3bc-f4ab-49ae-8220-1b6f6c45ec87: {"id":"77","name":"Virtual RGBW Light","label":"Main lights controller","type":"Virtual RGBW Light","room":null,"attributes":[{"name":"colorName","currentValue":"Incandescent","dataType":"STRING"},{"name":"colorMode","currentValue":"CT","dataType":"ENUM","values":["CT","RGB"]},{"name":"colorName","currentValue":"Incandescent","dataType":"STRING"},{"name":"switch","currentValue":"on","dataType":"ENUM","values":["on","off"]},{"name":"saturation","currentValue":27,"dataType":"NUMBER"},{"name":"switch","currentValue":"on","dataType":"ENUM","values":["on","off"]},{"name":"colorTemperature","currentValue":2700,"dataType":"NUMBER"},{"name":"level","currentValue":100,"dataType":"NUMBER"},{"name":"RGB","currentValue":null,"dataType":"STRING"},{"name":"hue","currentValue":3,"dataType":"NUMBER"},{"name":"color","currentValue":null,"dataType":"STRING"}],"capabilities":["Actuator","ColorTemperature",{"attributes":[{"name":"colorTemperature","dataType":null},{"name":"colorName","dataType":null}]},"ColorMode",{"attributes":[{"name":"colorMode","dataType":null}]},"ColorControl",{"attributes":[{"name":"hue","dataType":null},{"name":"saturation","dataType":null},{"name":"color","dataType":null},{"name":"colorName","dataType":null},{"name":"RGB","dataType":null}]},"SwitchLevel",{"attributes":[{"name":"level","dataType":null}]},"Light",{"attributes":[{"name":"switch","dataType":null}]},"Switch",{"attributes":[{"name":"switch","dataType":null}]}],"commands":["off","on","setColor","setColorTemperature","setHue","setLevel","setSaturation"]}
IR Key Detected: KEY_2
Request sent to http://192.168.1.220/apps/api/70/devices/77/setLevel/30?access_token=a7d9d3bc-f4ab-49ae-8220-1b6f6c45ec87: {"id":"77","name":"Virtual RGBW Light","label":"Main lights controller","type":"Virtual RGBW Light","room":null,"attributes":[{"name":"colorName","currentValue":"Incandescent","dataType":"STRING"},{"name":"colorMode","currentValue":"CT","dataType":"ENUM","values":["CT","RGB"]},{"name":"colorName","currentValue":"Incandescent","dataType":"STRING"},{"name":"switch","currentValue":"on","dataType":"ENUM","values":["on","off"]},{"name":"saturation","currentValue":27,"dataType":"NUMBER"},{"name":"switch","currentValue":"on","dataType":"ENUM","values":["on","off"]},{"name":"colorTemperature","currentValue":2700,"dataType":"NUMBER"},{"name":"level","currentValue":20,"dataType":"NUMBER"},{"name":"RGB","currentValue":null,"dataType":"STRING"},{"name":"hue","currentValue":3,"dataType":"NUMBER"},{"name":"color","currentValue":null,"dataType":"STRING"}],"capabilities":["Actuator","ColorTemperature",{"attributes":[{"name":"colorTemperature","dataType":null},{"name":"colorName","dataType":null}]},"ColorMode",{"attributes":[{"name":"colorMode","dataType":null}]},"ColorControl",{"attributes":[{"name":"hue","dataType":null},{"name":"saturation","dataType":null},{"name":"color","dataType":null},{"name":"colorName","dataType":null},{"name":"RGB","dataType":null}]},"SwitchLevel",{"attributes":[{"name":"level","dataType":null}]},"Light",{"attributes":[{"name":"switch","dataType":null}]},"Switch",{"attributes":[{"name":"switch","dataType":null}]}],"commands":["off","on","setColor","setColorTemperature","setHue","setLevel","setSaturation"]}
IR Key Detected: KEY_2
Skipping request to prevent flooding
IR Key Detected: KEY_3
Request sent to http://192.168.1.220/apps/api/70/devices/77/setLevel/40?access_token=a7d9d3bc-f4ab-49ae-8220-1b6f6c45ec87: {"id":"77","name":"Virtual RGBW Light","label":"Main lights controller","type":"Virtual RGBW Light","room":null,"attributes":[{"name":"colorName","currentValue":"Incandescent","dataType":"STRING"},{"name":"colorMode","currentValue":"CT","dataType":"ENUM","values":["CT","RGB"]},{"name":"colorName","currentValue":"Incandescent","dataType":"STRING"},{"name":"switch","currentValue":"on","dataType":"ENUM","values":["on","off"]},{"name":"saturation","currentValue":27,"dataType":"NUMBER"},{"name":"switch","currentValue":"on","dataType":"ENUM","values":["on","off"]},{"name":"colorTemperature","currentValue":2700,"dataType":"NUMBER"},{"name":"level","currentValue":30,"dataType":"NUMBER"},{"name":"RGB","currentValue":null,"dataType":"STRING"},{"name":"hue","currentValue":3,"dataType":"NUMBER"},{"name":"color","currentValue":null,"dataType":"STRING"}],"capabilities":["Actuator","ColorTemperature",{"attributes":[{"name":"colorTemperature","dataType":null},{"name":"colorName","dataType":null}]},"ColorMode",{"attributes":[{"name":"colorMode","dataType":null}]},"ColorControl",{"attributes":[{"name":"hue","dataType":null},{"name":"saturation","dataType":null},{"name":"color","dataType":null},{"name":"colorName","dataType":null},{"name":"RGB","dataType":null}]},"SwitchLevel",{"attributes":[{"name":"level","dataType":null}]},"Light",{"attributes":[{"name":"switch","dataType":null}]},"Switch",{"attributes":[{"name":"switch","dataType":null}]}],"commands":["off","on","setColor","setColorTemperature","setHue","setLevel","setSaturation"]}
IR Key Detected: KEY_4
Request sent to http://192.168.1.220/apps/api/70/devices/77/setLevel/50?access_token=a7d9d3bc-f4ab-49ae-8220-1b6f6c45ec87: {"id":"77","name":"Virtual RGBW Light","label":"Main lights controller","type":"Virtual RGBW Light","room":null,"attributes":[{"name":"colorName","currentValue":"Incandescent","dataType":"STRING"},{"name":"colorMode","currentValue":"CT","dataType":"ENUM","values":["CT","RGB"]},{"name":"colorName","currentValue":"Incandescent","dataType":"STRING"},{"name":"switch","currentValue":"on","dataType":"ENUM","values":["on","off"]},{"name":"saturation","currentValue":27,"dataType":"NUMBER"},{"name":"switch","currentValue":"on","dataType":"ENUM","values":["on","off"]},{"name":"colorTemperature","currentValue":2700,"dataType":"NUMBER"},{"name":"level","currentValue":40,"dataType":"NUMBER"},{"name":"RGB","currentValue":null,"dataType":"STRING"},{"name":"hue","currentValue":3,"dataType":"NUMBER"},{"name":"color","currentValue":null,"dataType":"STRING"}],"capabilities":["Actuator","ColorTemperature",{"attributes":[{"name":"colorTemperature","dataType":null},{"name":"colorName","dataType":null}]},"ColorMode",{"attributes":[{"name":"colorMode","dataType":null}]},"ColorControl",{"attributes":[{"name":"hue","dataType":null},{"name":"saturation","dataType":null},{"name":"color","dataType":null},{"name":"colorName","dataType":null},{"name":"RGB","dataType":null}]},"SwitchLevel",{"attributes":[{"name":"level","dataType":null}]},"Light",{"attributes":[{"name":"switch","dataType":null}]},"Switch",{"attributes":[{"name":"switch","dataType":null}]}],"commands":["off","on","setColor","setColorTemperature","setHue","setLevel","setSaturation"]}
IR Key Detected: KEY_5
Request sent to http://192.168.1.220/apps/api/70/devices/77/setLevel/60?access_token=a7d9d3bc-f4ab-49ae-8220-1b6f6c45ec87: {"id":"77","name":"Virtual RGBW Light","label":"Main lights controller","type":"Virtual RGBW Light","room":null,"attributes":[{"name":"colorName","currentValue":"Incandescent","dataType":"STRING"},{"name":"colorMode","currentValue":"CT","dataType":"ENUM","values":["CT","RGB"]},{"name":"colorName","currentValue":"Incandescent","dataType":"STRING"},{"name":"switch","currentValue":"on","dataType":"ENUM","values":["on","off"]},{"name":"saturation","currentValue":27,"dataType":"NUMBER"},{"name":"switch","currentValue":"on","dataType":"ENUM","values":["on","off"]},{"name":"colorTemperature","currentValue":2700,"dataType":"NUMBER"},{"name":"level","currentValue":50,"dataType":"NUMBER"},{"name":"RGB","currentValue":null,"dataType":"STRING"},{"name":"hue","currentValue":3,"dataType":"NUMBER"},{"name":"color","currentValue":null,"dataType":"STRING"}],"capabilities":["Actuator","ColorTemperature",{"attributes":[{"name":"colorTemperature","dataType":null},{"name":"colorName","dataType":null}]},"ColorMode",{"attributes":[{"name":"colorMode","dataType":null}]},"ColorControl",{"attributes":[{"name":"hue","dataType":null},{"name":"saturation","dataType":null},{"name":"color","dataType":null},{"name":"colorName","dataType":null},{"name":"RGB","dataType":null}]},"SwitchLevel",{"attributes":[{"name":"level","dataType":null}]},"Light",{"attributes":[{"name":"switch","dataType":null}]},"Switch",{"attributes":[{"name":"switch","dataType":null}]}],"commands":["off","on","setColor","setColorTemperature","setHue","setLevel","setSaturation"]}
IR Key Detected: KEY_6
Request sent to http://192.168.1.220/apps/api/70/devices/77/setLevel/70?access_token=a7d9d3bc-f4ab-49ae-8220-1b6f6c45ec87: {"id":"77","name":"Virtual RGBW Light","label":"Main lights controller","type":"Virtual RGBW Light","room":null,"attributes":[{"name":"colorName","currentValue":"Incandescent","dataType":"STRING"},{"name":"colorMode","currentValue":"CT","dataType":"ENUM","values":["CT","RGB"]},{"name":"colorName","currentValue":"Incandescent","dataType":"STRING"},{"name":"switch","currentValue":"on","dataType":"ENUM","values":["on","off"]},{"name":"saturation","currentValue":27,"dataType":"NUMBER"},{"name":"switch","currentValue":"on","dataType":"ENUM","values":["on","off"]},{"name":"colorTemperature","currentValue":2700,"dataType":"NUMBER"},{"name":"level","currentValue":60,"dataType":"NUMBER"},{"name":"RGB","currentValue":null,"dataType":"STRING"},{"name":"hue","currentValue":3,"dataType":"NUMBER"},{"name":"color","currentValue":null,"dataType":"STRING"}],"capabilities":["Actuator","ColorTemperature",{"attributes":[{"name":"colorTemperature","dataType":null},{"name":"colorName","dataType":null}]},"ColorMode",{"attributes":[{"name":"colorMode","dataType":null}]},"ColorControl",{"attributes":[{"name":"hue","dataType":null},{"name":"saturation","dataType":null},{"name":"color","dataType":null},{"name":"colorName","dataType":null},{"name":"RGB","dataType":null}]},"SwitchLevel",{"attributes":[{"name":"level","dataType":null}]},"Light",{"attributes":[{"name":"switch","dataType":null}]},"Switch",{"attributes":[{"name":"switch","dataType":null}]}],"commands":["off","on","setColor","setColorTemperature","setHue","setLevel","setSaturation"]}
Unknown IR key: KEY_7
IR Key Detected: KEY_8
Request sent to http://192.168.1.220/apps/api/70/devices/77/setLevel/90?access_token=a7d9d3bc-f4ab-49ae-8220-1b6f6c45ec87: {"id":"77","name":"Virtual RGBW Light","label":"Main lights controller","type":"Virtual RGBW Light","room":null,"attributes":[{"name":"colorName","currentValue":"Incandescent","dataType":"STRING"},{"name":"colorMode","currentValue":"CT","dataType":"ENUM","values":["CT","RGB"]},{"name":"colorName","currentValue":"Incandescent","dataType":"STRING"},{"name":"switch","currentValue":"on","dataType":"ENUM","values":["on","off"]},{"name":"saturation","currentValue":27,"dataType":"NUMBER"},{"name":"switch","currentValue":"on","dataType":"ENUM","values":["on","off"]},{"name":"colorTemperature","currentValue":2700,"dataType":"NUMBER"},{"name":"level","currentValue":70,"dataType":"NUMBER"},{"name":"RGB","currentValue":null,"dataType":"STRING"},{"name":"hue","currentValue":3,"dataType":"NUMBER"},{"name":"color","currentValue":null,"dataType":"STRING"}],"capabilities":["Actuator","ColorTemperature",{"attributes":[{"name":"colorTemperature","dataType":null},{"name":"colorName","dataType":null}]},"ColorMode",{"attributes":[{"name":"colorMode","dataType":null}]},"ColorControl",{"attributes":[{"name":"hue","dataType":null},{"name":"saturation","dataType":null},{"name":"color","dataType":null},{"name":"colorName","dataType":null},{"name":"RGB","dataType":null}]},"SwitchLevel",{"attributes":[{"name":"level","dataType":null}]},"Light",{"attributes":[{"name":"switch","dataType":null}]},"Switch",{"attributes":[{"name":"switch","dataType":null}]}],"commands":["off","on","setColor","setColorTemperature","setHue","setLevel","setSaturation"]}
IR Key Detected: KEY_0
Request sent to http://192.168.1.220/apps/api/70/devices/77/setLevel/0?access_token=a7d9d3bc-f4ab-49ae-8220-1b6f6c45ec87: {"id":"77","name":"Virtual RGBW Light","label":"Main lights controller","type":"Virtual RGBW Light","room":null,"attributes":[{"name":"colorName","currentValue":"Incandescent","dataType":"STRING"},{"name":"colorMode","currentValue":"CT","dataType":"ENUM","values":["CT","RGB"]},{"name":"colorName","currentValue":"Incandescent","dataType":"STRING"},{"name":"switch","currentValue":"on","dataType":"ENUM","values":["on","off"]},{"name":"saturation","currentValue":27,"dataType":"NUMBER"},{"name":"switch","currentValue":"on","dataType":"ENUM","values":["on","off"]},{"name":"colorTemperature","currentValue":2700,"dataType":"NUMBER"},{"name":"level","currentValue":90,"dataType":"NUMBER"},{"name":"RGB","currentValue":null,"dataType":"STRING"},{"name":"hue","currentValue":3,"dataType":"NUMBER"},{"name":"color","currentValue":null,"dataType":"STRING"}],"capabilities":["Actuator","ColorTemperature",{"attributes":[{"name":"colorTemperature","dataType":null},{"name":"colorName","dataType":null}]},"ColorMode",{"attributes":[{"name":"colorMode","dataType":null}]},"ColorControl",{"attributes":[{"name":"hue","dataType":null},{"name":"saturation","dataType":null},{"name":"color","dataType":null},{"name":"colorName","dataType":null},{"name":"RGB","dataType":null}]},"SwitchLevel",{"attributes":[{"name":"level","dataType":null}]},"Light",{"attributes":[{"name":"switch","dataType":null}]},"Switch",{"attributes":[{"name":"switch","dataType":null}]}],"commands":["off","on","setColor","setColorTemperature","setHue","setLevel","setSaturation"]}
IR Key Detected: KEY_0
Skipping request to prevent flooding
IR Key Detected: KEY_9
